2.2310 	WARNING 	We strongly recommend you activate the PTB sound engine in PsychoPy prefs as the preferred audio engine. Its timing is vastly superior. Your prefs are currently set to use ['sounddevice', 'PTB', 'pyo', 'pygame'] (in that order).
47.4234 	WARNING 	User requested fullscreen with size [1024  768], but screen is actually [1920, 1080]. Using actual size
49.3608 	EXP 	Created window1 = Window(allowGUI=True, allowStencil=False, autoLog=True, backendConf=UNKNOWN, bitsMode=UNKNOWN, blendMode='avg', bpc=(8, 8, 8), color=array([0, 0, 0]), colorSpace='rgb', depthBits=8, fullscr=<method-wrapper '__getattribute__' of attributeSetter object at 0x000001548BCCAFD0>, gamma=None, gammaErrorPolicy='raise', lms=UNKNOWN, monitor=<psychopy.monitors.calibTools.Monitor object at 0x000001548ECF8F70>, multiSample=False, name='window1', numSamples=2, pos=(0, 0), screen=0, size=array([1920, 1080]), stencilBits=0, stereo=False, units='height', useFBO=True, useRetina=False, viewOri=0.0, viewPos=None, viewScale=None, waitBlanking=True, winType='pyglet')
49.3609 	EXP 	window1: mouseVisible = True
49.3611 	EXP 	window1: mouseVisible = False
49.3611 	EXP 	window1: Attempting to measure frame rate of screen (0) ...
49.3612 	EXP 	window1: recordFrameIntervals = False
49.5260 	EXP 	window1: recordFrameIntervals = True
49.7096 	EXP 	Screen (0) actual frame rate measured at 60.06Hz
49.7097 	EXP 	window1: recordFrameIntervals = False
52.2473 	EXP 	Created text = TextStim(__class__=<class 'psychopy.visual.text.TextStim'>, alignHoriz=method-wrapper(...), alignText='center', alignVert=method-wrapper(...), anchorHoriz='center', anchorVert='center', antialias=True, autoDraw=False, autoLog=True, bold=False, color=array([1, 1, 1]), colorSpace='rgb', contrast=1.0, depth=0.0, flipHoriz=False, flipVert=False, font='Open Sans', fontFiles=[], height=0.05, italic=False, languageStyle='LTR', name='text', opacity=1.0, ori=0.0, pos=array([0., 0.]), rgb=UNKNOWN, text='', units='height', win=Window(...), wrapWidth=1)
52.2555 	EXP 	window1: mouseVisible = True
52.4022 	EXP 	Created slider = Slider(__class__=<class 'psychopy.visual.slider.Slider'>, autoDraw=False, autoLog=True, borderColor=None, color=None, colorSpace='rgb', depth=-1, fillColor=None, flip=False, font='Open Sans', granularity=0.0, labelColor=None, labelHeight=0.05, labelWrapWidth=None, labels=['Familiar', 'Unfamiliar'], lineColor=None, markerColor=None, name='slider', opacity=None, ori=0.0, pos=array([ 0. , -0.3]), readOnly=False, self=UNKNOWN, size=array([1. , 0.1]), startValue=None, style='rating', styleTweaks=[], ticks=array([1, 2, 3, 4, 5]), units='height', win=Window(...))
52.4030 	EXP 	Created text_2 = TextStim(__class__=<class 'psychopy.visual.text.TextStim'>, alignHoriz=method-wrapper(...), alignText='center', alignVert=method-wrapper(...), anchorHoriz='center', anchorVert='center', antialias=True, autoDraw=False, autoLog=True, bold=False, color=array([1, 1, 1]), colorSpace='rgb', contrast=1.0, depth=0.0, flipHoriz=False, flipVert=False, font='Open Sans', fontFiles=[], height=0.05, italic=False, languageStyle='LTR', name='text_2', opacity=1.0, ori=0.0, pos=array([0. , 0.3]), rgb=UNKNOWN, text='', units='height', win=Window(...), wrapWidth=1)
52.5247 	EXP 	Created text_3 = TextStim(__class__=<class 'psychopy.visual.text.TextStim'>, alignHoriz=method-wrapper(...), alignText='center', alignVert=method-wrapper(...), anchorHoriz='center', anchorVert='center', antialias=True, autoDraw=False, autoLog=True, bold=False, color=array([1, 1, 1]), colorSpace='rgb', contrast=1.0, depth=-2.0, flipHoriz=False, flipVert=False, font='Open Sans', fontFiles=[], height=0.05, italic=False, languageStyle='LTR', name='text_3', opacity=1.0, ori=0.0, pos=array([ 0. , -0.3]), rgb=UNKNOWN, text='Click to Submit', units='height', win=Window(...), wrapWidth=1)
52.5250 	EXP 	window1: mouseVisible = True
52.5354 	EXP 	Imported study_words.xlsx as conditions, 15 conditions, 1 params
52.5378 	EXP 	Created sequence: random, trialTypes=15, nReps=1, seed=None
52.5381 	EXP 	New trial (rep=0, index=0): {'study_word': 'vase'}
52.5777 	EXP 	slider: autoLog = True
52.5777 	EXP 	slider: markerPos = None
52.5777 	EXP 	slider: styleTweaks = []
52.5777 	EXP 	slider: styleTweaks = []
52.5777 	EXP 	slider: styleTweaks = []
52.5777 	EXP 	slider: styleTweaks = []
52.5777 	EXP 	slider: contrast = 1.0
52.5777 	EXP 	slider: autoLog = True
52.5777 	EXP 	textbox: autoLog = True
52.5777 	EXP 	text: height = 0.05
52.5777 	EXP 	text: height = 0.05
52.5777 	EXP 	text: height = 0.05
52.5777 	EXP 	text: text = 'vase'
52.5777 	EXP 	slider: markerPos = None
52.5777 	EXP 	slider: markerPos = None
52.5777 	EXP 	text: autoDraw = True
52.5777 	EXP 	slider: autoDraw = True
55.5703 	DATA 	Mouse: Left button down, pos=(416,211)
55.5936 	EXP 	slider: markerPos = 0.9851851851851854
55.6090 	EXP 	slider: markerPos = 0.9851851851851854
55.6256 	EXP 	slider: markerPos = 0.9851851851851854
55.6422 	EXP 	slider: markerPos = 0.9851851851851854
55.6589 	EXP 	slider: markerPos = 0.9851851851851854
55.6755 	EXP 	slider: markerPos = 0.9851851851851854
55.6921 	EXP 	slider: markerPos = 0.9851851851851854
55.7088 	EXP 	slider: markerPos = 0.9851851851851854
55.7253 	EXP 	slider: markerPos = 0.9851851851851854
55.7419 	EXP 	slider: markerPos = 0.9851851851851854
55.7585 	EXP 	slider: markerPos = 0.9851851851851854
55.7751 	EXP 	slider: markerPos = 0.9851851851851854
55.7919 	EXP 	slider: markerPos = 0.9851851851851854
55.8016 	DATA 	Mouse:  Left button up, pos=(416,211)
55.8084 	EXP 	slider: markerPos = 0.9851851851851854
55.8252 	EXP 	slider: markerPos = 1
55.8319 	EXP 	New trial (rep=0, index=1): {'study_word': 'piano'}
55.8551 	EXP 	text: autoDraw = False
55.8551 	EXP 	slider: autoDraw = False
55.8551 	EXP 	text: height = 0.05
55.8551 	EXP 	text: height = 0.05
55.8551 	EXP 	text: height = 0.05
55.8551 	EXP 	text: text = 'piano'
55.8551 	EXP 	slider: markerPos = None
55.8551 	EXP 	slider: markerPos = None
55.8551 	EXP 	text: autoDraw = True
55.8551 	EXP 	slider: autoDraw = True
57.1309 	DATA 	Mouse: Left button down, pos=(948,216)
57.1547 	EXP 	slider: markerPos = 2.9555555555555557
57.1713 	EXP 	slider: markerPos = 2.9555555555555557
57.1879 	EXP 	slider: markerPos = 2.9555555555555557
57.2046 	EXP 	slider: markerPos = 2.9555555555555557
57.2215 	EXP 	slider: markerPos = 2.9555555555555557
57.2380 	EXP 	slider: markerPos = 2.9555555555555557
57.2545 	EXP 	slider: markerPos = 2.9555555555555557
57.2713 	EXP 	slider: markerPos = 2.9555555555555557
57.2875 	EXP 	slider: markerPos = 2.9555555555555557
57.3045 	EXP 	slider: markerPos = 2.9555555555555557
57.3214 	EXP 	slider: markerPos = 2.9555555555555557
57.3375 	EXP 	slider: markerPos = 2.9555555555555557
57.3542 	EXP 	slider: markerPos = 2.9555555555555557
57.3556 	DATA 	Mouse:  Left button up, pos=(948,216)
57.3709 	EXP 	slider: markerPos = 2.9555555555555557
57.3729 	EXP 	New trial (rep=0, index=2): {'study_word': 'learn'}
57.3899 	EXP 	text: autoDraw = False
57.3899 	EXP 	slider: autoDraw = False
57.3899 	EXP 	text: height = 0.05
57.3899 	EXP 	text: height = 0.05
57.3899 	EXP 	text: height = 0.05
57.3899 	EXP 	text: text = 'learn'
57.3899 	EXP 	slider: markerPos = None
57.3899 	EXP 	slider: markerPos = None
57.3899 	EXP 	text: autoDraw = True
57.3899 	EXP 	slider: autoDraw = True
58.9020 	DATA 	Mouse: Left button down, pos=(1228,218)
58.9168 	EXP 	slider: markerPos = 3.9925925925925925
58.9333 	EXP 	slider: markerPos = 3.9925925925925925
58.9500 	EXP 	slider: markerPos = 3.9925925925925925
58.9664 	EXP 	slider: markerPos = 3.9925925925925925
58.9831 	EXP 	slider: markerPos = 3.9925925925925925
58.9997 	EXP 	slider: markerPos = 3.9925925925925925
59.0164 	EXP 	slider: markerPos = 3.9925925925925925
59.0330 	EXP 	slider: markerPos = 3.9925925925925925
59.0495 	EXP 	slider: markerPos = 3.9925925925925925
59.0664 	EXP 	slider: markerPos = 3.9925925925925925
59.0829 	EXP 	slider: markerPos = 3.9925925925925925
59.0996 	EXP 	slider: markerPos = 3.9925925925925925
59.1161 	EXP 	slider: markerPos = 3.9925925925925925
59.1176 	DATA 	Mouse:  Left button up, pos=(1228,218)
59.1327 	EXP 	slider: markerPos = 3.9925925925925925
59.1345 	EXP 	New trial (rep=0, index=3): {'study_word': 'star'}
59.1491 	EXP 	text: autoDraw = False
59.1491 	EXP 	slider: autoDraw = False
59.1491 	EXP 	text: height = 0.05
59.1491 	EXP 	text: height = 0.05
59.1491 	EXP 	text: height = 0.05
59.1491 	EXP 	text: text = 'star'
59.1491 	EXP 	slider: markerPos = None
59.1491 	EXP 	slider: markerPos = None
59.1491 	EXP 	text: autoDraw = True
59.1491 	EXP 	slider: autoDraw = True
61.1960 	DATA 	Mouse: Left button down, pos=(692,213)
61.2104 	EXP 	slider: markerPos = 2.0074074074074075
61.2270 	EXP 	slider: markerPos = 2.0074074074074075
61.2438 	EXP 	slider: markerPos = 2.0074074074074075
61.2603 	EXP 	slider: markerPos = 2.0074074074074075
61.2768 	EXP 	slider: markerPos = 2.0074074074074075
61.2933 	EXP 	slider: markerPos = 2.0074074074074075
61.3102 	EXP 	slider: markerPos = 2.0074074074074075
61.3265 	EXP 	slider: markerPos = 2.0074074074074075
61.3431 	EXP 	slider: markerPos = 2.0074074074074075
61.3599 	EXP 	slider: markerPos = 2.0074074074074075
61.3764 	EXP 	slider: markerPos = 2.0074074074074075
61.3930 	EXP 	slider: markerPos = 2.0074074074074075
61.4101 	EXP 	slider: markerPos = 2.0074074074074075
61.4262 	EXP 	slider: markerPos = 2.0074074074074075
61.4276 	DATA 	Mouse:  Left button up, pos=(692,213)
61.4432 	EXP 	slider: markerPos = 2.0074074074074075
61.4458 	EXP 	New trial (rep=0, index=4): {'study_word': 'cushion'}
61.4623 	EXP 	text: autoDraw = False
61.4623 	EXP 	slider: autoDraw = False
61.4623 	EXP 	text: height = 0.05
61.4623 	EXP 	text: height = 0.05
61.4623 	EXP 	text: height = 0.05
61.4623 	EXP 	text: text = 'cushion'
61.4623 	EXP 	slider: markerPos = None
61.4623 	EXP 	slider: markerPos = None
61.4623 	EXP 	text: autoDraw = True
61.4623 	EXP 	slider: autoDraw = True
63.0970 	DATA 	Mouse: Left button down, pos=(1486,212)
63.1219 	EXP 	slider: markerPos = 4.948148148148148
63.1384 	EXP 	slider: markerPos = 4.948148148148148
63.1550 	EXP 	slider: markerPos = 4.948148148148148
63.1717 	EXP 	slider: markerPos = 4.948148148148148
63.1883 	EXP 	slider: markerPos = 4.948148148148148
63.2050 	EXP 	slider: markerPos = 4.948148148148148
63.2215 	EXP 	slider: markerPos = 4.948148148148148
63.2381 	EXP 	slider: markerPos = 4.948148148148148
63.2550 	EXP 	slider: markerPos = 4.948148148148148
63.2715 	EXP 	slider: markerPos = 4.948148148148148
63.2879 	EXP 	slider: markerPos = 4.948148148148148
63.3048 	EXP 	slider: markerPos = 4.948148148148148
63.3214 	EXP 	slider: markerPos = 4.948148148148148
63.3230 	DATA 	Mouse:  Left button up, pos=(1486,212)
63.3378 	EXP 	slider: markerPos = 4.948148148148148
63.3407 	EXP 	New trial (rep=0, index=5): {'study_word': 'gun'}
63.3561 	EXP 	text: autoDraw = False
63.3561 	EXP 	slider: autoDraw = False
63.3561 	EXP 	text: height = 0.05
63.3561 	EXP 	text: height = 0.05
63.3561 	EXP 	text: height = 0.05
63.3561 	EXP 	text: text = 'gun'
63.3561 	EXP 	slider: markerPos = None
63.3561 	EXP 	slider: markerPos = None
63.3561 	EXP 	text: autoDraw = True
63.3561 	EXP 	slider: autoDraw = True
64.9942 	DATA 	Mouse: Left button down, pos=(422,221)
65.0168 	EXP 	slider: markerPos = 1.0074074074074073
65.0335 	EXP 	slider: markerPos = 1.0074074074074073
65.0500 	EXP 	slider: markerPos = 1.0074074074074073
65.0667 	EXP 	slider: markerPos = 1.0074074074074073
65.0831 	EXP 	slider: markerPos = 1.0074074074074073
65.0998 	EXP 	slider: markerPos = 1.0074074074074073
65.1164 	EXP 	slider: markerPos = 1.0074074074074073
65.1330 	EXP 	slider: markerPos = 1.0074074074074073
65.1496 	EXP 	slider: markerPos = 1.0074074074074073
65.1663 	EXP 	slider: markerPos = 1.0074074074074073
65.1829 	EXP 	slider: markerPos = 1.0074074074074073
65.1995 	EXP 	slider: markerPos = 1.0074074074074073
65.2198 	EXP 	slider: markerPos = 1.0074074074074073
65.2218 	DATA 	Mouse:  Left button up, pos=(422,221)
65.2328 	EXP 	slider: markerPos = 1.0074074074074073
65.2346 	EXP 	New trial (rep=0, index=6): {'study_word': 'tomato'}
65.2491 	EXP 	text: autoDraw = False
65.2491 	EXP 	slider: autoDraw = False
65.2491 	EXP 	text: height = 0.05
65.2491 	EXP 	text: height = 0.05
65.2491 	EXP 	text: height = 0.05
65.2491 	EXP 	text: text = 'tomato'
65.2491 	EXP 	slider: markerPos = None
65.2491 	EXP 	slider: markerPos = None
65.2491 	EXP 	text: autoDraw = True
65.2491 	EXP 	slider: autoDraw = True
67.2129 	DATA 	Mouse: Left button down, pos=(963,221)
67.2274 	EXP 	slider: markerPos = 3.011111111111111
67.2439 	EXP 	slider: markerPos = 3.011111111111111
67.2609 	EXP 	slider: markerPos = 3.011111111111111
67.2773 	EXP 	slider: markerPos = 3.011111111111111
67.2937 	EXP 	slider: markerPos = 3.011111111111111
67.3107 	EXP 	slider: markerPos = 3.011111111111111
67.3271 	EXP 	slider: markerPos = 3.011111111111111
67.3435 	EXP 	slider: markerPos = 3.011111111111111
67.3603 	EXP 	slider: markerPos = 3.011111111111111
67.3768 	EXP 	slider: markerPos = 3.011111111111111
67.3934 	EXP 	slider: markerPos = 3.011111111111111
67.4104 	EXP 	slider: markerPos = 3.011111111111111
67.4266 	EXP 	slider: markerPos = 3.011111111111111
67.4360 	DATA 	Mouse:  Left button up, pos=(963,221)
67.4433 	EXP 	slider: markerPos = 3.011111111111111
67.4601 	EXP 	slider: markerPos = 3.011111111111111
67.4627 	EXP 	New trial (rep=0, index=7): {'study_word': 'guitar'}
67.4781 	EXP 	text: autoDraw = False
67.4781 	EXP 	slider: autoDraw = False
67.4781 	EXP 	text: height = 0.05
67.4781 	EXP 	text: height = 0.05
67.4781 	EXP 	text: height = 0.05
67.4781 	EXP 	text: text = 'guitar'
67.4781 	EXP 	slider: markerPos = None
67.4781 	EXP 	slider: markerPos = None
67.4781 	EXP 	text: autoDraw = True
67.4781 	EXP 	slider: autoDraw = True
69.6310 	DATA 	Mouse: Left button down, pos=(1237,217)
69.6541 	EXP 	slider: markerPos = 4.025925925925926
69.6709 	EXP 	slider: markerPos = 4.025925925925926
69.6874 	EXP 	slider: markerPos = 4.025925925925926
69.7040 	EXP 	slider: markerPos = 4.025925925925926
69.7206 	EXP 	slider: markerPos = 4.025925925925926
69.7372 	EXP 	slider: markerPos = 4.025925925925926
69.7539 	EXP 	slider: markerPos = 4.025925925925926
69.7704 	EXP 	slider: markerPos = 4.025925925925926
69.7871 	EXP 	slider: markerPos = 4.025925925925926
69.8037 	EXP 	slider: markerPos = 4.025925925925926
69.8205 	EXP 	slider: markerPos = 4.025925925925926
69.8370 	EXP 	slider: markerPos = 4.025925925925926
69.8536 	EXP 	slider: markerPos = 4.025925925925926
69.8634 	DATA 	Mouse:  Left button up, pos=(1237,217)
69.8704 	EXP 	slider: markerPos = 4.025925925925926
69.8871 	EXP 	slider: markerPos = 4.025925925925926
69.8907 	EXP 	New trial (rep=0, index=8): {'study_word': 'sun'}
69.9043 	EXP 	text: autoDraw = False
69.9043 	EXP 	slider: autoDraw = False
69.9043 	EXP 	text: height = 0.05
69.9043 	EXP 	text: height = 0.05
69.9043 	EXP 	text: height = 0.05
69.9043 	EXP 	text: text = 'sun'
69.9043 	EXP 	slider: markerPos = None
69.9043 	EXP 	slider: markerPos = None
69.9043 	EXP 	text: autoDraw = True
69.9043 	EXP 	slider: autoDraw = True
71.4849 	DATA 	Mouse: Left button down, pos=(1510,214)
71.4992 	EXP 	slider: markerPos = 5.037037037037037
71.5159 	EXP 	slider: markerPos = 5.037037037037037
71.5325 	EXP 	slider: markerPos = 5.037037037037037
71.5490 	EXP 	slider: markerPos = 5.037037037037037
71.5678 	EXP 	slider: markerPos = 5.037037037037037
71.5821 	EXP 	slider: markerPos = 5.037037037037037
71.5991 	EXP 	slider: markerPos = 5.037037037037037
71.6154 	EXP 	slider: markerPos = 5.037037037037037
71.6323 	EXP 	slider: markerPos = 5.037037037037037
71.6486 	EXP 	slider: markerPos = 5.037037037037037
71.6653 	EXP 	slider: markerPos = 5.037037037037037
71.6820 	EXP 	slider: markerPos = 5.037037037037037
71.6984 	EXP 	slider: markerPos = 5.037037037037037
71.7081 	DATA 	Mouse:  Left button up, pos=(1510,214)
71.7152 	EXP 	slider: markerPos = 5.037037037037037
71.7318 	EXP 	slider: markerPos = 5
71.7346 	EXP 	New trial (rep=0, index=9): {'study_word': 'burn'}
71.7518 	EXP 	text: autoDraw = False
71.7518 	EXP 	slider: autoDraw = False
71.7518 	EXP 	text: height = 0.05
71.7518 	EXP 	text: height = 0.05
71.7518 	EXP 	text: height = 0.05
71.7518 	EXP 	text: text = 'burn'
71.7518 	EXP 	slider: markerPos = None
71.7518 	EXP 	slider: markerPos = None
71.7518 	EXP 	text: autoDraw = True
71.7518 	EXP 	slider: autoDraw = True
73.0911 	DATA 	Mouse: Left button down, pos=(679,223)
73.1114 	EXP 	slider: markerPos = 1.9592592592592593
73.1281 	EXP 	slider: markerPos = 1.9592592592592593
73.1448 	EXP 	slider: markerPos = 1.9592592592592593
73.1615 	EXP 	slider: markerPos = 1.9592592592592593
73.1781 	EXP 	slider: markerPos = 1.9592592592592593
73.1944 	EXP 	slider: markerPos = 1.9592592592592593
73.2116 	EXP 	slider: markerPos = 1.9592592592592593
73.2277 	EXP 	slider: markerPos = 1.9592592592592593
73.2444 	EXP 	slider: markerPos = 1.9592592592592593
73.2611 	EXP 	slider: markerPos = 1.9592592592592593
73.2776 	EXP 	slider: markerPos = 1.9592592592592593
73.2938 	EXP 	slider: markerPos = 1.9592592592592593
73.3111 	EXP 	slider: markerPos = 1.9592592592592593
73.3209 	DATA 	Mouse:  Left button up, pos=(679,223)
73.3275 	EXP 	slider: markerPos = 1.9592592592592593
73.3440 	EXP 	slider: markerPos = 1.9592592592592593
73.3467 	EXP 	New trial (rep=0, index=10): {'study_word': 'flower'}
73.3695 	EXP 	text: autoDraw = False
73.3695 	EXP 	slider: autoDraw = False
73.3695 	EXP 	text: height = 0.05
73.3695 	EXP 	text: height = 0.05
73.3695 	EXP 	text: height = 0.05
73.3695 	EXP 	text: text = 'flower'
73.3695 	EXP 	slider: markerPos = None
73.3695 	EXP 	slider: markerPos = None
73.3695 	EXP 	text: autoDraw = True
73.3695 	EXP 	slider: autoDraw = True
74.5760 	DATA 	Mouse: Left button down, pos=(425,212)
74.5906 	EXP 	slider: markerPos = 1.0185185185185186
74.6073 	EXP 	slider: markerPos = 1.0185185185185186
74.6239 	EXP 	slider: markerPos = 1.0185185185185186
74.6407 	EXP 	slider: markerPos = 1.0185185185185186
74.6572 	EXP 	slider: markerPos = 1.0185185185185186
74.6738 	EXP 	slider: markerPos = 1.0185185185185186
74.6904 	EXP 	slider: markerPos = 1.0185185185185186
74.7070 	EXP 	slider: markerPos = 1.0185185185185186
74.7236 	EXP 	slider: markerPos = 1.0185185185185186
74.7404 	EXP 	slider: markerPos = 1.0185185185185186
74.7568 	EXP 	slider: markerPos = 1.0185185185185186
74.7735 	EXP 	slider: markerPos = 1.0185185185185186
74.7902 	EXP 	slider: markerPos = 1.0185185185185186
74.7997 	DATA 	Mouse:  Left button up, pos=(425,212)
74.8070 	EXP 	slider: markerPos = 1.0185185185185186
74.8233 	EXP 	slider: markerPos = 1.0185185185185186
74.8258 	EXP 	New trial (rep=0, index=11): {'study_word': 'tiger'}
74.8402 	EXP 	text: autoDraw = False
74.8402 	EXP 	slider: autoDraw = False
74.8402 	EXP 	text: height = 0.05
74.8402 	EXP 	text: height = 0.05
74.8402 	EXP 	text: height = 0.05
74.8402 	EXP 	text: text = 'tiger'
74.8402 	EXP 	slider: markerPos = None
74.8402 	EXP 	slider: markerPos = None
74.8402 	EXP 	text: autoDraw = True
74.8402 	EXP 	slider: autoDraw = True
76.5275 	DATA 	Mouse: Left button down, pos=(956,227)
76.5520 	EXP 	slider: markerPos = 2.985185185185185
76.5686 	EXP 	slider: markerPos = 2.985185185185185
76.5852 	EXP 	slider: markerPos = 2.985185185185185
76.6020 	EXP 	slider: markerPos = 2.985185185185185
76.6185 	EXP 	slider: markerPos = 2.985185185185185
76.6352 	EXP 	slider: markerPos = 2.985185185185185
76.6520 	EXP 	slider: markerPos = 2.985185185185185
76.6683 	EXP 	slider: markerPos = 2.985185185185185
76.6850 	EXP 	slider: markerPos = 2.985185185185185
76.7015 	EXP 	slider: markerPos = 2.985185185185185
76.7183 	EXP 	slider: markerPos = 2.985185185185185
76.7348 	EXP 	slider: markerPos = 2.985185185185185
76.7517 	EXP 	slider: markerPos = 2.985185185185185
76.7536 	DATA 	Mouse:  Left button up, pos=(956,227)
76.7682 	EXP 	slider: markerPos = 2.985185185185185
76.7709 	EXP 	New trial (rep=0, index=12): {'study_word': 'book'}
76.7846 	EXP 	text: autoDraw = False
76.7846 	EXP 	slider: autoDraw = False
76.7846 	EXP 	text: height = 0.05
76.7846 	EXP 	text: height = 0.05
76.7846 	EXP 	text: height = 0.05
76.7846 	EXP 	text: text = 'book'
76.7846 	EXP 	slider: markerPos = None
76.7846 	EXP 	slider: markerPos = None
76.7846 	EXP 	text: autoDraw = True
76.7846 	EXP 	slider: autoDraw = True
77.8421 	DATA 	Mouse: Left button down, pos=(1234,217)
77.8651 	EXP 	slider: markerPos = 4.014814814814815
77.8817 	EXP 	slider: markerPos = 4.014814814814815
77.8985 	EXP 	slider: markerPos = 4.014814814814815
77.9149 	EXP 	slider: markerPos = 4.014814814814815
77.9317 	EXP 	slider: markerPos = 4.014814814814815
77.9483 	EXP 	slider: markerPos = 4.014814814814815
77.9649 	EXP 	slider: markerPos = 4.014814814814815
77.9815 	EXP 	slider: markerPos = 4.014814814814815
77.9982 	EXP 	slider: markerPos = 4.014814814814815
78.0147 	EXP 	slider: markerPos = 4.014814814814815
78.0315 	EXP 	slider: markerPos = 4.014814814814815
78.0480 	EXP 	slider: markerPos = 4.014814814814815
78.0645 	EXP 	slider: markerPos = 4.014814814814815
78.0743 	DATA 	Mouse:  Left button up, pos=(1234,217)
78.0812 	EXP 	slider: markerPos = 4.014814814814815
78.0980 	EXP 	slider: markerPos = 4.014814814814815
78.1008 	EXP 	New trial (rep=0, index=13): {'study_word': 'plane'}
78.1142 	EXP 	text: autoDraw = False
78.1142 	EXP 	slider: autoDraw = False
78.1142 	EXP 	text: height = 0.05
78.1142 	EXP 	text: height = 0.05
78.1142 	EXP 	text: height = 0.05
78.1142 	EXP 	text: text = 'plane'
78.1142 	EXP 	slider: markerPos = None
78.1142 	EXP 	slider: markerPos = None
78.1142 	EXP 	text: autoDraw = True
78.1142 	EXP 	slider: autoDraw = True
79.0475 	DATA 	Mouse: Left button down, pos=(1499,214)
79.0619 	EXP 	slider: markerPos = 4.996296296296296
79.0786 	EXP 	slider: markerPos = 4.996296296296296
79.0952 	EXP 	slider: markerPos = 4.996296296296296
79.1120 	EXP 	slider: markerPos = 4.996296296296296
79.1285 	EXP 	slider: markerPos = 4.996296296296296
79.1449 	EXP 	slider: markerPos = 4.996296296296296
79.1619 	EXP 	slider: markerPos = 4.996296296296296
79.1782 	EXP 	slider: markerPos = 4.996296296296296
79.1950 	EXP 	slider: markerPos = 4.996296296296296
79.2117 	EXP 	slider: markerPos = 4.996296296296296
79.2281 	EXP 	slider: markerPos = 4.996296296296296
79.2448 	EXP 	slider: markerPos = 4.996296296296296
79.2617 	EXP 	slider: markerPos = 4.996296296296296
79.2636 	DATA 	Mouse:  Left button up, pos=(1499,214)
79.2781 	EXP 	slider: markerPos = 4.996296296296296
79.2811 	EXP 	New trial (rep=0, index=14): {'study_word': 'fire'}
79.2968 	EXP 	text: autoDraw = False
79.2968 	EXP 	slider: autoDraw = False
79.2968 	EXP 	text: height = 0.05
79.2968 	EXP 	text: height = 0.05
79.2968 	EXP 	text: height = 0.05
79.2968 	EXP 	text: text = 'fire'
79.2968 	EXP 	slider: markerPos = None
79.2968 	EXP 	slider: markerPos = None
79.2968 	EXP 	text: autoDraw = True
79.2968 	EXP 	slider: autoDraw = True
80.7589 	DATA 	Mouse: Left button down, pos=(1233,222)
80.7738 	EXP 	slider: markerPos = 4.011111111111111
80.7907 	EXP 	slider: markerPos = 4.011111111111111
80.8071 	EXP 	slider: markerPos = 4.011111111111111
80.8238 	EXP 	slider: markerPos = 4.011111111111111
80.8406 	EXP 	slider: markerPos = 4.011111111111111
80.8571 	EXP 	slider: markerPos = 4.011111111111111
80.8738 	EXP 	slider: markerPos = 4.011111111111111
80.8903 	EXP 	slider: markerPos = 4.011111111111111
80.9068 	EXP 	slider: markerPos = 4.011111111111111
80.9235 	EXP 	slider: markerPos = 4.011111111111111
80.9405 	EXP 	slider: markerPos = 4.011111111111111
80.9567 	EXP 	slider: markerPos = 4.011111111111111
80.9732 	EXP 	slider: markerPos = 4.011111111111111
80.9825 	DATA 	Mouse:  Left button up, pos=(1233,222)
80.9901 	EXP 	slider: markerPos = 4.011111111111111
81.0065 	EXP 	slider: markerPos = 4.011111111111111
81.0220 	EXP 	Imported test_word.xlsx as conditions, 20 conditions, 1 params
81.0229 	EXP 	Created sequence: random, trialTypes=20, nReps=1, seed=None
81.0232 	EXP 	New trial (rep=0, index=0): {'test': '_a_e'}
81.0433 	EXP 	text: autoDraw = False
81.0433 	EXP 	slider: autoDraw = False
81.0433 	EXP 	text_2: height = 0.05
81.0433 	EXP 	text_2: height = 0.05
81.0433 	EXP 	text_2: height = 0.05
81.0433 	EXP 	text_2: text = '_a_e'
81.0433 	EXP 	text_2: autoDraw = True
81.0433 	EXP 	textbox: autoDraw = True
81.0433 	EXP 	text_3: autoDraw = True
82.8078 	DATA 	Keypress: v
82.9021 	DATA 	Keypress: a
83.1251 	DATA 	Keypress: s
83.3341 	DATA 	Keypress: e
84.7357 	DATA 	Mouse: Left button down, pos=(932,223)
84.7511 	EXP 	New trial (rep=0, index=1): {'test': 't_g_r'}
84.7652 	EXP 	text_2: autoDraw = False
84.7652 	EXP 	textbox: autoDraw = False
84.7652 	EXP 	text_3: autoDraw = False
84.7652 	EXP 	text_2: height = 0.05
84.7652 	EXP 	text_2: height = 0.05
84.7652 	EXP 	text_2: height = 0.05
84.7652 	EXP 	text_2: text = 't_g_r'
84.7652 	EXP 	text_2: autoDraw = True
84.7652 	EXP 	textbox: autoDraw = True
84.7652 	EXP 	text_3: autoDraw = True
84.9513 	DATA 	Mouse:  Left button up, pos=(932,223)
85.7611 	DATA 	Keypress: t
85.9439 	DATA 	Keypress: i
86.1992 	DATA 	Keypress: g
86.3429 	DATA 	Keypress: e
86.4588 	DATA 	Keypress: r
88.1881 	DATA 	Mouse: Left button down, pos=(932,223)
88.1913 	EXP 	New trial (rep=0, index=2): {'test': 'p_a_e'}
88.2058 	EXP 	text_2: autoDraw = False
88.2058 	EXP 	textbox: autoDraw = False
88.2058 	EXP 	text_3: autoDraw = False
88.2058 	EXP 	text_2: height = 0.05
88.2058 	EXP 	text_2: height = 0.05
88.2058 	EXP 	text_2: height = 0.05
88.2058 	EXP 	text_2: text = 'p_a_e'
88.2058 	EXP 	text_2: autoDraw = True
88.2058 	EXP 	textbox: autoDraw = True
88.2058 	EXP 	text_3: autoDraw = True
88.4039 	DATA 	Mouse:  Left button up, pos=(932,223)
89.5417 	DATA 	Keypress: p
89.7171 	DATA 	Keypress: l
89.8335 	DATA 	Keypress: a
90.0327 	DATA 	Keypress: n
90.1824 	DATA 	Keypress: e
91.4791 	DATA 	Mouse: Left button down, pos=(932,223)
91.4819 	EXP 	New trial (rep=0, index=3): {'test': 'c_s_h_o_n'}
91.4973 	EXP 	text_2: autoDraw = False
91.4973 	EXP 	textbox: autoDraw = False
91.4973 	EXP 	text_3: autoDraw = False
91.4973 	EXP 	text_2: height = 0.05
91.4973 	EXP 	text_2: height = 0.05
91.4973 	EXP 	text_2: height = 0.05
91.4973 	EXP 	text_2: text = 'c_s_h_o_n'
91.4973 	EXP 	text_2: autoDraw = True
91.4973 	EXP 	textbox: autoDraw = True
91.4973 	EXP 	text_3: autoDraw = True
91.7004 	DATA 	Mouse:  Left button up, pos=(932,223)
92.8086 	DATA 	Keypress: c
93.0081 	DATA 	Keypress: i
93.6735 	DATA 	Keypress: backspace
94.4544 	DATA 	Keypress: u
94.6035 	DATA 	Keypress: s
94.7368 	DATA 	Keypress: h
95.0025 	DATA 	Keypress: i
95.1578 	DATA 	Keypress: o
95.3847 	DATA 	Keypress: n
96.8143 	DATA 	Mouse: Left button down, pos=(932,223)
96.8170 	EXP 	New trial (rep=0, index=4): {'test': '_p_a_d_'}
96.8358 	EXP 	text_2: autoDraw = False
96.8358 	EXP 	textbox: autoDraw = False
96.8358 	EXP 	text_3: autoDraw = False
96.8358 	EXP 	text_2: height = 0.05
96.8358 	EXP 	text_2: height = 0.05
96.8358 	EXP 	text_2: height = 0.05
96.8358 	EXP 	text_2: text = '_p_a_d_'
96.8358 	EXP 	text_2: autoDraw = True
96.8358 	EXP 	textbox: autoDraw = True
96.8358 	EXP 	text_3: autoDraw = True
97.0309 	DATA 	Mouse:  Left button up, pos=(932,223)
98.7097 	DATA 	Mouse: Left button down, pos=(932,223)
98.7124 	EXP 	New trial (rep=0, index=5): {'test': 'c_m_r'}
98.7263 	EXP 	text_2: autoDraw = False
98.7263 	EXP 	textbox: autoDraw = False
98.7263 	EXP 	text_3: autoDraw = False
98.7263 	EXP 	text_2: height = 0.05
98.7263 	EXP 	text_2: height = 0.05
98.7263 	EXP 	text_2: height = 0.05
98.7263 	EXP 	text_2: text = 'c_m_r'
98.7263 	EXP 	text_2: autoDraw = True
98.7263 	EXP 	textbox: autoDraw = True
98.7263 	EXP 	text_3: autoDraw = True
98.9421 	DATA 	Mouse:  Left button up, pos=(932,223)
100.8698 	DATA 	Keypress: c
100.9861 	DATA 	Keypress: a
101.2081 	DATA 	Keypress: comma
101.3584 	DATA 	Keypress: e
102.3660 	DATA 	Keypress: backspace
102.8201 	DATA 	Keypress: backspace
103.3798 	DATA 	Keypress: m
103.5294 	DATA 	Keypress: a
104.0846 	DATA 	Keypress: backspace
104.3770 	DATA 	Keypress: e
105.0318 	DATA 	Keypress: r
105.2748 	DATA 	Keypress: a
106.5216 	DATA 	Mouse: Left button down, pos=(932,223)
106.5241 	EXP 	New trial (rep=0, index=6): {'test': '_oo_'}
106.5390 	EXP 	text_2: autoDraw = False
106.5390 	EXP 	textbox: autoDraw = False
106.5390 	EXP 	text_3: autoDraw = False
106.5390 	EXP 	text_2: height = 0.05
106.5390 	EXP 	text_2: height = 0.05
106.5390 	EXP 	text_2: height = 0.05
106.5390 	EXP 	text_2: text = '_oo_'
106.5390 	EXP 	text_2: autoDraw = True
106.5390 	EXP 	textbox: autoDraw = True
106.5390 	EXP 	text_3: autoDraw = True
106.7374 	DATA 	Mouse:  Left button up, pos=(932,223)
107.6899 	DATA 	Keypress: b
107.9740 	DATA 	Keypress: o
108.1055 	DATA 	Keypress: o
108.3163 	DATA 	Keypress: k
110.4939 	DATA 	Mouse: Left button down, pos=(932,223)
110.4967 	EXP 	New trial (rep=0, index=7): {'test': 'to___to'}
110.5105 	EXP 	text_2: autoDraw = False
110.5105 	EXP 	textbox: autoDraw = False
110.5105 	EXP 	text_3: autoDraw = False
110.5105 	EXP 	text_2: height = 0.05
110.5105 	EXP 	text_2: height = 0.05
110.5105 	EXP 	text_2: height = 0.05
110.5105 	EXP 	text_2: text = 'to___to'
110.5105 	EXP 	text_2: autoDraw = True
110.5105 	EXP 	textbox: autoDraw = True
110.5105 	EXP 	text_3: autoDraw = True
110.7105 	DATA 	Mouse:  Left button up, pos=(932,223)
111.5310 	DATA 	Keypress: t
111.6906 	DATA 	Keypress: o
111.8902 	DATA 	Keypress: m
112.0064 	DATA 	Keypress: a
112.2057 	DATA 	Keypress: t
112.4956 	DATA 	Keypress: o
114.0743 	DATA 	Mouse: Left button down, pos=(932,223)
114.0861 	EXP 	New trial (rep=0, index=8): {'test': 'fl__er'}
114.1009 	EXP 	text_2: autoDraw = False
114.1009 	EXP 	textbox: autoDraw = False
114.1009 	EXP 	text_3: autoDraw = False
114.1009 	EXP 	text_2: height = 0.05
114.1009 	EXP 	text_2: height = 0.05
114.1009 	EXP 	text_2: height = 0.05
114.1009 	EXP 	text_2: text = 'fl__er'
114.1009 	EXP 	text_2: autoDraw = True
114.1009 	EXP 	textbox: autoDraw = True
114.1009 	EXP 	text_3: autoDraw = True
114.3004 	DATA 	Mouse:  Left button up, pos=(932,223)
115.4643 	DATA 	Keypress: f
115.5851 	DATA 	Keypress: l
115.7999 	DATA 	Keypress: o
116.0847 	DATA 	Keypress: w
116.2846 	DATA 	Keypress: e
116.5113 	DATA 	Keypress: r
118.0400 	DATA 	Mouse: Left button down, pos=(932,223)
118.0430 	EXP 	New trial (rep=0, index=9): {'test': 's__'}
118.0563 	EXP 	text_2: autoDraw = False
118.0563 	EXP 	textbox: autoDraw = False
118.0563 	EXP 	text_3: autoDraw = False
118.0563 	EXP 	text_2: height = 0.05
118.0563 	EXP 	text_2: height = 0.05
118.0563 	EXP 	text_2: height = 0.05
118.0563 	EXP 	text_2: text = 's__'
118.0563 	EXP 	text_2: autoDraw = True
118.0563 	EXP 	textbox: autoDraw = True
118.0563 	EXP 	text_3: autoDraw = True
118.2448 	DATA 	Mouse:  Left button up, pos=(932,223)
119.2038 	DATA 	Keypress: s
119.3859 	DATA 	Keypress: u
119.6025 	DATA 	Keypress: n
120.7047 	DATA 	Mouse: Left button down, pos=(932,223)
120.7177 	EXP 	New trial (rep=0, index=10): {'test': '_ia_n_'}
120.7343 	EXP 	text_2: autoDraw = False
120.7343 	EXP 	textbox: autoDraw = False
120.7343 	EXP 	text_3: autoDraw = False
120.7343 	EXP 	text_2: height = 0.05
120.7343 	EXP 	text_2: height = 0.05
120.7343 	EXP 	text_2: height = 0.05
120.7343 	EXP 	text_2: text = '_ia_n_'
120.7343 	EXP 	text_2: autoDraw = True
120.7343 	EXP 	textbox: autoDraw = True
120.7343 	EXP 	text_3: autoDraw = True
120.9204 	DATA 	Mouse:  Left button up, pos=(932,223)
122.1558 	DATA 	Keypress: p
122.3779 	DATA 	Keypress: i
122.5163 	DATA 	Keypress: a
122.6441 	DATA 	Keypress: n
122.8659 	DATA 	Keypress: o
124.4777 	DATA 	Mouse: Left button down, pos=(932,223)
124.4917 	EXP 	New trial (rep=0, index=11): {'test': 'guit_r'}
124.5053 	EXP 	text_2: autoDraw = False
124.5053 	EXP 	textbox: autoDraw = False
124.5053 	EXP 	text_3: autoDraw = False
124.5053 	EXP 	text_2: height = 0.05
124.5053 	EXP 	text_2: height = 0.05
124.5053 	EXP 	text_2: height = 0.05
124.5053 	EXP 	text_2: text = 'guit_r'
124.5053 	EXP 	text_2: autoDraw = True
124.5053 	EXP 	textbox: autoDraw = True
124.5053 	EXP 	text_3: autoDraw = True
124.7053 	DATA 	Mouse:  Left button up, pos=(932,223)
125.5859 	DATA 	Keypress: g
126.0908 	DATA 	Keypress: u
126.2510 	DATA 	Keypress: i
126.4836 	DATA 	Keypress: t
126.5999 	DATA 	Keypress: a
126.7544 	DATA 	Keypress: r
128.0793 	DATA 	Mouse: Left button down, pos=(932,223)
128.0821 	EXP 	New trial (rep=0, index=12): {'test': 'o_a_n_e'}
128.0983 	EXP 	text_2: autoDraw = False
128.0983 	EXP 	textbox: autoDraw = False
128.0983 	EXP 	text_3: autoDraw = False
128.0983 	EXP 	text_2: height = 0.05
128.0983 	EXP 	text_2: height = 0.05
128.0983 	EXP 	text_2: height = 0.05
128.0983 	EXP 	text_2: text = 'o_a_n_e'
128.0983 	EXP 	text_2: autoDraw = True
128.0983 	EXP 	textbox: autoDraw = True
128.0983 	EXP 	text_3: autoDraw = True
128.3021 	DATA 	Mouse:  Left button up, pos=(932,223)
129.4820 	DATA 	Keypress: o
129.7640 	DATA 	Keypress: r
129.9076 	DATA 	Keypress: a
130.1956 	DATA 	Keypress: n
130.4894 	DATA 	Keypress: g
130.6446 	DATA 	Keypress: e
131.8192 	DATA 	Mouse: Left button down, pos=(932,223)
131.8225 	EXP 	New trial (rep=0, index=13): {'test': '_ire'}
131.8353 	EXP 	text_2: autoDraw = False
131.8353 	EXP 	textbox: autoDraw = False
131.8353 	EXP 	text_3: autoDraw = False
131.8353 	EXP 	text_2: height = 0.05
131.8353 	EXP 	text_2: height = 0.05
131.8353 	EXP 	text_2: height = 0.05
131.8353 	EXP 	text_2: text = '_ire'
131.8353 	EXP 	text_2: autoDraw = True
131.8353 	EXP 	textbox: autoDraw = True
131.8353 	EXP 	text_3: autoDraw = True
132.0521 	DATA 	Mouse:  Left button up, pos=(932,223)
134.6280 	DATA 	Keypress: f
134.9770 	DATA 	Keypress: i
135.1601 	DATA 	Keypress: r
135.3429 	DATA 	Keypress: e
136.3574 	DATA 	Mouse: Left button down, pos=(932,223)
136.3603 	EXP 	New trial (rep=0, index=14): {'test': '_ea_o_'}
136.3771 	EXP 	text_2: autoDraw = False
136.3771 	EXP 	textbox: autoDraw = False
136.3771 	EXP 	text_3: autoDraw = False
136.3771 	EXP 	text_2: height = 0.05
136.3771 	EXP 	text_2: height = 0.05
136.3771 	EXP 	text_2: height = 0.05
136.3771 	EXP 	text_2: text = '_ea_o_'
136.3771 	EXP 	text_2: autoDraw = True
136.3771 	EXP 	textbox: autoDraw = True
136.3771 	EXP 	text_3: autoDraw = True
136.5793 	DATA 	Mouse:  Left button up, pos=(932,223)
138.5248 	DATA 	Mouse: Left button down, pos=(932,223)
138.5370 	EXP 	New trial (rep=0, index=15): {'test': '_o_s_'}
138.5503 	EXP 	text_2: autoDraw = False
138.5503 	EXP 	textbox: autoDraw = False
138.5503 	EXP 	text_3: autoDraw = False
138.5503 	EXP 	text_2: height = 0.05
138.5503 	EXP 	text_2: height = 0.05
138.5503 	EXP 	text_2: height = 0.05
138.5503 	EXP 	text_2: text = '_o_s_'
138.5503 	EXP 	text_2: autoDraw = True
138.5503 	EXP 	textbox: autoDraw = True
138.5503 	EXP 	text_3: autoDraw = True
138.7502 	DATA 	Mouse:  Left button up, pos=(932,223)
141.6096 	DATA 	Mouse: Left button down, pos=(932,223)
141.6128 	EXP 	New trial (rep=0, index=16): {'test': 'g_n'}
141.6276 	EXP 	text_2: autoDraw = False
141.6276 	EXP 	textbox: autoDraw = False
141.6276 	EXP 	text_3: autoDraw = False
141.6276 	EXP 	text_2: height = 0.05
141.6276 	EXP 	text_2: height = 0.05
141.6276 	EXP 	text_2: height = 0.05
141.6276 	EXP 	text_2: text = 'g_n'
141.6276 	EXP 	text_2: autoDraw = True
141.6276 	EXP 	textbox: autoDraw = True
141.6276 	EXP 	text_3: autoDraw = True
141.8420 	DATA 	Mouse:  Left button up, pos=(932,223)
142.8225 	DATA 	Keypress: g
143.0221 	DATA 	Keypress: u
143.2446 	DATA 	Keypress: n
145.8477 	DATA 	Mouse: Left button down, pos=(932,223)
145.8511 	EXP 	New trial (rep=0, index=17): {'test': '_u__'}
145.8642 	EXP 	text_2: autoDraw = False
145.8642 	EXP 	textbox: autoDraw = False
145.8642 	EXP 	text_3: autoDraw = False
145.8642 	EXP 	text_2: height = 0.05
145.8642 	EXP 	text_2: height = 0.05
145.8642 	EXP 	text_2: height = 0.05
145.8642 	EXP 	text_2: text = '_u__'
145.8642 	EXP 	text_2: autoDraw = True
145.8642 	EXP 	textbox: autoDraw = True
145.8642 	EXP 	text_3: autoDraw = True
146.0692 	DATA 	Mouse:  Left button up, pos=(932,223)
149.3445 	DATA 	Keypress: b
149.9697 	DATA 	Keypress: u
150.1421 	DATA 	Keypress: r
150.3350 	DATA 	Keypress: n
151.6366 	DATA 	Mouse: Left button down, pos=(1115,211)
151.6515 	EXP 	New trial (rep=0, index=18): {'test': '_t_r'}
151.6645 	EXP 	text_2: autoDraw = False
151.6645 	EXP 	textbox: autoDraw = False
151.6645 	EXP 	text_3: autoDraw = False
151.6645 	EXP 	text_2: height = 0.05
151.6645 	EXP 	text_2: height = 0.05
151.6645 	EXP 	text_2: height = 0.05
151.6645 	EXP 	text_2: text = '_t_r'
151.6645 	EXP 	text_2: autoDraw = True
151.6645 	EXP 	textbox: autoDraw = True
151.6645 	EXP 	text_3: autoDraw = True
151.8649 	DATA 	Mouse:  Left button up, pos=(1115,211)
157.6322 	DATA 	Keypress: s
157.7985 	DATA 	Keypress: t
157.8818 	DATA 	Keypress: a
157.9812 	DATA 	Keypress: r
159.1343 	DATA 	Mouse: Left button down, pos=(1115,211)
159.1470 	EXP 	New trial (rep=0, index=19): {'test': '__arn'}
159.1617 	EXP 	text_2: autoDraw = False
159.1617 	EXP 	textbox: autoDraw = False
159.1617 	EXP 	text_3: autoDraw = False
159.1617 	EXP 	text_2: height = 0.05
159.1617 	EXP 	text_2: height = 0.05
159.1617 	EXP 	text_2: height = 0.05
159.1617 	EXP 	text_2: text = '__arn'
159.1617 	EXP 	text_2: autoDraw = True
159.1617 	EXP 	textbox: autoDraw = True
159.1617 	EXP 	text_3: autoDraw = True
159.3613 	DATA 	Mouse:  Left button up, pos=(1115,211)
162.4028 	DATA 	Keypress: l
162.8741 	DATA 	Keypress: e
163.0899 	DATA 	Keypress: a
163.4331 	DATA 	Keypress: r
164.0319 	DATA 	Keypress: n
165.5449 	DATA 	Mouse: Left button down, pos=(1115,211)
165.5600 	EXP 	text_2: autoDraw = False
165.5600 	EXP 	textbox: autoDraw = False
165.5600 	EXP 	text_3: autoDraw = False
165.6661 	EXP 	window1: mouseVisible = True
